<?xml version="1.0" encoding="utf-8" standalone="no"?>
<test-run id="0" runstate="Runnable" testcasecount="1" result="Passed" total="1" passed="1" failed="0" inconclusive="0" skipped="0" asserts="0" engine-version="3.11.1.0" clr-version="4.0.30319.42000" start-time="2020-07-08 11:40:47Z" end-time="2020-07-08 11:40:47Z" duration="0.724555">
  <command-line><![CDATA[nunit3-console.exe  D:\Projects\JenkinsTestsProject\JenkinsTestsProject\JenkinsTestsProject\JenkinsTestsProject.csproj --result=JenkinsTestsResult.xml]]></command-line>
  <test-suite type="Project" id="1" name="JenkinsTestsProject.csproj" fullname="D:\Projects\JenkinsTestsProject\JenkinsTestsProject\JenkinsTestsProject\JenkinsTestsProject.csproj" runstate="Runnable" testcasecount="1" result="Passed" total="1" passed="1" failed="0" inconclusive="0" skipped="0" asserts="0">
    <test-suite type="Assembly" id="1-1002" name="D:\Projects\JenkinsTestsProject\JenkinsTestsProject\JenkinsTestsProject\bin\Debug\JenkinsTestsProject.dll" fullname="D:\Projects\JenkinsTestsProject\JenkinsTestsProject\JenkinsTestsProject\bin\Debug\JenkinsTestsProject.dll" runstate="Runnable" testcasecount="1" result="Passed" duration="0.027995" total="1" passed="1" failed="0" inconclusive="0" skipped="0" asserts="0">
      <properties>
        <property name="_PID" value="17956" />
        <property name="_APPDOMAIN" value="domain-c7546623-JenkinsTestsProject.csproj" />
      </properties>
      <test-suite type="Namespace" id="1-1003" name="JenkinsTestsProject" fullname="JenkinsTestsProject" runstate="Runnable" testcasecount="1" result="Passed" duration="0.019364" total="1" passed="1" failed="0" inconclusive="0" skipped="0" asserts="0">
        <test-suite type="TestFixture" id="1-1000" name="Tests" fullname="JenkinsTestsProject.Tests" classname="JenkinsTestsProject.Tests" runstate="Runnable" testcasecount="1" result="Passed" duration="0.018587" total="1" passed="1" failed="0" inconclusive="0" skipped="0" asserts="0">
          <test-case id="1-1001" name="TestsLogWord" fullname="JenkinsTestsProject.Tests.TestsLogWord" methodname="TestsLogWord" classname="JenkinsTestsProject.Tests" runstate="Runnable" result="Passed" duration="0.014314" asserts="1" />
        </test-suite>
      </test-suite>
    </test-suite>
  </test-suite>
</test-run>