<?xml version="1.0" encoding="utf-8"?>
<test-run id="2" testcasecount="2" result="Failed(Child)" total="2" passed="0" failed="2" inconclusive="0" skipped="0" asserts="0" engine-version="3.5.0.0" clr-version="4.0.30319.42000" start-time="2020-07-13 05:58:57Z" end-time="2020-07-13 05:58:57Z" duration="0.0745301">
  <test-suite type="TestSuite" id="1009" name="CucumberReader" fullname="CucumberReader" runstate="Runnable" testcasecount="2" result="Failed" site="Child" start-time="2020-07-13 05:58:57Z" end-time="2020-07-13 05:58:57Z" duration="0.074530" total="2" passed="0" failed="2" inconclusive="0" skipped="0" asserts="0">
    <properties />
    <failure>
      <message><![CDATA[One or more child tests had errors]]></message>
    </failure>
    <test-suite type="Assembly" id="1014" name="Tests.dll" fullname="C:/GitProject/Company/CucumberReader/Library/ScriptAssemblies/Tests.dll" runstate="Runnable" testcasecount="2" result="Failed" site="Child" start-time="2020-07-13 05:58:57Z" end-time="2020-07-13 05:58:57Z" duration="0.056964" total="2" passed="0" failed="2" inconclusive="0" skipped="0" asserts="0">
      <properties>
        <property name="_PID" value="29436" />
        <property name="_APPDOMAIN" value="Unity Child Domain" />
        <property name="platform" value="EditMode" />
      </properties>
      <failure>
        <message><![CDATA[One or more child tests had errors]]></message>
      </failure>
      <test-suite type="TestSuite" id="1015" name="Tests" fullname="Tests" runstate="Runnable" testcasecount="2" result="Failed" site="Child" start-time="2020-07-13 05:58:57Z" end-time="2020-07-13 05:58:57Z" duration="0.051057" total="2" passed="0" failed="2" inconclusive="0" skipped="0" asserts="0">
        <properties />
        <failure>
          <message><![CDATA[One or more child tests had errors]]></message>
        </failure>
        <test-suite type="TestFixture" id="1010" name="Test_DQ的測試真棒" fullname="Tests.Test_DQ的測試真棒" classname="Tests.Test_DQ的測試真棒" runstate="Runnable" testcasecount="1" result="Failed" site="Child" start-time="2020-07-13 05:58:57Z" end-time="2020-07-13 05:58:57Z" duration="0.038436" total="1" passed="0" failed="1" inconclusive="0" skipped="0" asserts="0">
          <properties />
          <failure>
            <message><![CDATA[One or more child tests had errors]]></message>
          </failure>
          <test-case id="1011" name="Scenario" fullname="Tests.Test_DQ的測試真棒.Scenario" methodname="Scenario" classname="Tests.Test_DQ的測試真棒" runstate="Runnable" seed="274542100" result="Failed" start-time="2020-07-13 05:58:57Z" end-time="2020-07-13 05:58:57Z" duration="0.014843" asserts="0">
            <properties />
            <failure>
              <message><![CDATA[]]></message>
              <stack-trace><![CDATA[at Tests.Test_DQ的測試真棒.DQ被吃掉 () [0x00001] in C:\GitProject\Company\CucumberReader\Assets\Scripts\Tests\Test_DQ的測試真棒.cs:21
at Tests.Test_DQ的測試真棒.Scenario () [0x0000f] in C:\GitProject\Company\CucumberReader\Assets\Scripts\Tests\Test_DQ的測試真棒.cs:32
]]></stack-trace>
            </failure>
          </test-case>
        </test-suite>
        <test-suite type="TestFixture" id="1012" name="Test_故事真的不錯" fullname="Tests.Test_故事真的不錯" classname="Tests.Test_故事真的不錯" runstate="Runnable" testcasecount="1" result="Failed" site="Child" start-time="2020-07-13 05:58:57Z" end-time="2020-07-13 05:58:57Z" duration="0.002713" total="1" passed="0" failed="1" inconclusive="0" skipped="0" asserts="0">
          <properties />
          <failure>
            <message><![CDATA[One or more child tests had errors]]></message>
          </failure>
          <test-case id="1013" name="Scenario" fullname="Tests.Test_故事真的不錯.Scenario" methodname="Scenario" classname="Tests.Test_故事真的不錯" runstate="Runnable" seed="1116389218" result="Failed" start-time="2020-07-13 05:58:57Z" end-time="2020-07-13 05:58:57Z" duration="0.000858" asserts="0">
            <properties />
            <failure>
              <message><![CDATA[]]></message>
              <stack-trace><![CDATA[at Tests.Test_故事真的不錯.可樂的溫度會增加_2度C () [0x00001] in C:\GitProject\Company\CucumberReader\Assets\Scripts\Tests\Test_故事真的不錯.cs:21
at Tests.Test_故事真的不錯.Scenario () [0x0000f] in C:\GitProject\Company\CucumberReader\Assets\Scripts\Tests\Test_故事真的不錯.cs:32
]]></stack-trace>
            </failure>
          </test-case>
        </test-suite>
      </test-suite>
    </test-suite>
  </test-suite>
</test-run>